  WolfStateMachine.cpp
  Wolf.cpp
  Wander.cpp
  Walk.cpp
  Vector2.cpp
c:\developing programs\workspace\visualstudio\aiprogramming\statemachine\vector2.h(103): warning C4244: 'return': conversion from 'double' to 'float', possible loss of data
c:\developing programs\workspace\visualstudio\aiprogramming\statemachine\vector2.h(129): warning C4244: 'return': conversion from 'double' to 'float', possible loss of data
  SteeringBehaviours.cpp
c:\developing programs\workspace\visualstudio\aiprogramming\statemachine\steeringbehaviours.cpp(196): warning C4244: 'argument': conversion from 'int' to 'float', possible loss of data
c:\developing programs\workspace\visualstudio\aiprogramming\statemachine\steeringbehaviours.cpp(229): warning C4244: 'argument': conversion from 'int' to 'float', possible loss of data
c:\developing programs\workspace\visualstudio\aiprogramming\statemachine\steeringbehaviours.cpp(258): warning C4244: 'argument': conversion from 'int' to 'float', possible loss of data
  SheepStateMachine.cpp
  Sheep.cpp
  Pasture.cpp
  Mining.cpp
  MinerStateMachine.cpp
c:\developing programs\workspace\visualstudio\aiprogramming\statemachine\miner.h(30): warning C4150: deletion of pointer to incomplete type 'MinerStateMachine'; no destructor called
  c:\developing programs\workspace\visualstudio\aiprogramming\statemachine\miner.h(24): note: see declaration of 'MinerStateMachine'
  Miner.cpp
  Idle.cpp
  GraphicsMove.cpp
c:\developing programs\workspace\visualstudio\aiprogramming\statemachine\graphicsmove.cpp(37): warning C4305: 'argument': truncation from 'double' to 'float'
c:\developing programs\workspace\visualstudio\aiprogramming\statemachine\graphicsmove.cpp(41): warning C4305: 'argument': truncation from 'double' to 'float'
c:\developing programs\workspace\visualstudio\aiprogramming\statemachine\graphicsmove.cpp(44): warning C4305: 'argument': truncation from 'double' to 'float'
c:\developing programs\workspace\visualstudio\aiprogramming\statemachine\graphicsmove.cpp(47): warning C4305: 'argument': truncation from 'double' to 'float'
c:\developing programs\workspace\visualstudio\aiprogramming\statemachine\graphicsmove.cpp(50): warning C4305: 'argument': truncation from 'double' to 'float'
c:\developing programs\workspace\visualstudio\aiprogramming\statemachine\graphicsmove.cpp(53): warning C4305: 'argument': truncation from 'double' to 'float'
  Graphic.cpp
  Generating Code...
  StateMachine.vcxproj -> C:\Developing Programs\Workspace\VisualStudio\AiProgramming\x64\Debug\StateMachine.lib
