c:\developing programs\workspace\visualstudio\aiprogramming\statemachine\debug\statemachine.pdb
c:\developing programs\workspace\visualstudio\aiprogramming\statemachine\debug\statemachine.idb
c:\developing programs\workspace\visualstudio\aiprogramming\statemachine\debug\graphic.obj
c:\developing programs\workspace\visualstudio\aiprogramming\statemachine\debug\graphicsmove.obj
c:\developing programs\workspace\visualstudio\aiprogramming\statemachine\debug\idle.obj
c:\developing programs\workspace\visualstudio\aiprogramming\statemachine\debug\miner.obj
c:\developing programs\workspace\visualstudio\aiprogramming\statemachine\debug\minerstatemachine.obj
c:\developing programs\workspace\visualstudio\aiprogramming\statemachine\debug\mining.obj
c:\developing programs\workspace\visualstudio\aiprogramming\statemachine\debug\pasture.obj
c:\developing programs\workspace\visualstudio\aiprogramming\statemachine\debug\sheep.obj
c:\developing programs\workspace\visualstudio\aiprogramming\statemachine\debug\sheepstatemachine.obj
c:\developing programs\workspace\visualstudio\aiprogramming\statemachine\debug\steeringbehaviours.obj
c:\developing programs\workspace\visualstudio\aiprogramming\statemachine\debug\vector2.obj
c:\developing programs\workspace\visualstudio\aiprogramming\statemachine\debug\walk.obj
c:\developing programs\workspace\visualstudio\aiprogramming\statemachine\debug\wander.obj
c:\developing programs\workspace\visualstudio\aiprogramming\statemachine\debug\wolf.obj
c:\developing programs\workspace\visualstudio\aiprogramming\statemachine\debug\wolfstatemachine.obj
c:\developing programs\workspace\visualstudio\aiprogramming\debug\statemachine.lib
c:\developing programs\workspace\visualstudio\aiprogramming\debug\statemachine.pdb
c:\developing programs\workspace\visualstudio\aiprogramming\statemachine\debug\statemachine.tlog\cl.command.1.tlog
c:\developing programs\workspace\visualstudio\aiprogramming\statemachine\debug\statemachine.tlog\cl.read.1.tlog
c:\developing programs\workspace\visualstudio\aiprogramming\statemachine\debug\statemachine.tlog\cl.write.1.tlog
c:\developing programs\workspace\visualstudio\aiprogramming\statemachine\debug\statemachine.tlog\lib-link.read.1.tlog
c:\developing programs\workspace\visualstudio\aiprogramming\statemachine\debug\statemachine.tlog\lib-link.write.1.tlog
c:\developing programs\workspace\visualstudio\aiprogramming\statemachine\debug\statemachine.tlog\lib.command.1.tlog
